[2025-08-30T23:44:30.560584] [New Request Generated] [Request: VillageY, urgency=10, food=33, water=38, medicine=26]
[2025-08-30T23:44:31.453043] Processing: [Request: VillageY, urgency=10, food=33, water=38, medicine=26]
[2025-08-30T23:44:31.462881600] ✅ Allocated from CenterA | Updated Stocks: ReliefCenter{CenterA, stock={medicine=124, water=262, food=167}}
[2025-08-30T23:44:34.504915600] [New Request Generated] [Request: VillageZ, urgency=4, food=45, water=58, medicine=31]
[2025-08-30T23:44:37.467464500] Processing: [Request: VillageZ, urgency=4, food=45, water=58, medicine=31]
[2025-08-30T23:44:37.470115200] ✅ Allocated from CenterB | Updated Stocks: ReliefCenter{CenterB, stock={medicine=169, water=92, food=55}}
[2025-08-30T23:44:40.234999400] [New Request Generated] [Request: VillageY, urgency=1, food=20, water=22, medicine=12]
[2025-08-30T23:44:40.473841400] Processing: [Request: VillageY, urgency=1, food=20, water=22, medicine=12]
[2025-08-30T23:44:40.473841400] ✅ Allocated from CenterA | Updated Stocks: ReliefCenter{CenterA, stock={medicine=112, water=240, food=147}}
[2025-08-30T23:44:43.545832300] [New Request Generated] [Request: VillageY, urgency=9, food=58, water=25, medicine=31]
[2025-08-30T23:44:46.476239100] Processing: [Request: VillageY, urgency=9, food=58, water=25, medicine=31]
[2025-08-30T23:44:46.479236800] ✅ Allocated from CenterA | Updated Stocks: ReliefCenter{CenterA, stock={medicine=81, water=215, food=89}}
[2025-08-30T23:44:46.818849400] [New Request Generated] [Request: VillageX, urgency=1, food=41, water=18, medicine=23]
[2025-08-30T23:44:49.481862600] Processing: [Request: VillageX, urgency=1, food=41, water=18, medicine=23]
[2025-08-30T23:44:49.484860400] ✅ Allocated from CenterA | Updated Stocks: ReliefCenter{CenterA, stock={medicine=58, water=197, food=48}}
[2025-08-30T23:44:52.235296700] [New Request Generated] [Request: VillageX, urgency=9, food=56, water=27, medicine=11]
[2025-08-30T23:44:52.501721800] Processing: [Request: VillageX, urgency=9, food=56, water=27, medicine=11]
[2025-08-30T23:44:52.502730] ❌ [FAILED] No relief center could handle this request!
[2025-08-30T23:44:55.497764300] [New Request Generated] [Request: VillageY, urgency=8, food=43, water=55, medicine=10]
[2025-08-30T23:44:55.513763400] Processing: [Request: VillageY, urgency=8, food=43, water=55, medicine=10]
[2025-08-30T23:44:55.521791800] ✅ Allocated from CenterA | Updated Stocks: ReliefCenter{CenterA, stock={medicine=48, water=142, food=5}}
[2025-08-30T23:44:58.446789600] [New Request Generated] [Request: VillageX, urgency=3, food=18, water=15, medicine=29]
[2025-08-30T23:44:58.538725400] Processing: [Request: VillageX, urgency=3, food=18, water=15, medicine=29]
[2025-08-30T23:44:58.540746800] ✅ Allocated from CenterB | Updated Stocks: ReliefCenter{CenterB, stock={medicine=140, water=77, food=37}}
[2025-08-30T23:45:01.002438700] [New Request Generated] [Request: VillageX, urgency=10, food=35, water=52, medicine=10]
[2025-08-30T23:45:01.551256100] Processing: [Request: VillageX, urgency=10, food=35, water=52, medicine=10]
[2025-08-30T23:45:01.553260300] ✅ Allocated from CenterB | Updated Stocks: ReliefCenter{CenterB, stock={medicine=130, water=25, food=2}}
[2025-08-30T23:45:03.943405600] [New Request Generated] [Request: VillageY, urgency=2, food=24, water=46, medicine=25]
[2025-08-30T23:45:04.557510800] Processing: [Request: VillageY, urgency=2, food=24, water=46, medicine=25]
[2025-08-30T23:45:04.559926800] ❌ [FAILED] No relief center could handle this request!
[2025-08-30T23:45:04.565525800] ✅ Simulation complete. Processed 10 requests.
[2025-08-30T23:45:04.567665600] ===== FINAL STOCK REPORT =====
[2025-08-30T23:45:04.569535600] ReliefCenter{CenterA, stock={medicine=48, water=142, food=5}}
[2025-08-30T23:45:04.570526100] ReliefCenter{CenterB, stock={medicine=130, water=25, food=2}}
[2025-08-30T23:45:08.394156] [New Request Generated] [Request: VillageX, urgency=6, food=18, water=59, medicine=6]
